{
  "RSpec": {
    "coverage": {
      "/home/erik/wuff/wuff_backend/config/environment.rb": [
        null,
        1,
        null,
        null,
        1
      ],
      "/home/erik/wuff/wuff_backend/config/application.rb": [
        1,
        null,
        null,
        1,
        1,
        1,
        1,
        null,
        null,
        null,
        null,
        1,
        null,
        1,
        1,
        null,
        null,
        null,
        null,
        null,
        null,
        null,
        null,
        null,
        null,
        null,
        null,
        null,
        null,
        null,
        1,
        null,
        null
      ],
      "/home/erik/wuff/wuff_backend/config/boot.rb": [
        null,
        1,
        null,
        1
      ],
      "/home/erik/wuff/wuff_backend/config/environments/test.rb": [
        1,
        null,
        null,
        null,
        null,
        null,
        null,
        1,
        null,
        null,
        null,
        null,
        1,
        null,
        null,
        1,
        1,
        null,
        null,
        1,
        1,
        null,
        null,
        1,
        null,
        null,
        1,
        null,
        null,
        null,
        null,
        1,
        null,
        null,
        1,
        null
      ],
      "/home/erik/wuff/wuff_backend/config/initializers/backtrace_silencers.rb": [
        null,
        null,
        null,
        null,
        null,
        null,
        null
      ],
      "/home/erik/wuff/wuff_backend/config/initializers/filter_parameter_logging.rb": [
        null,
        null,
        null,
        1
      ],
      "/home/erik/wuff/wuff_backend/config/initializers/global_constants.rb": [
        null,
        1,
        null,
        1,
        null,
        1,
        null,
        1,
        null,
        1,
        null,
        1,
        null,
        1,
        null,
        1,
        null,
        1,
        null,
        1,
        null,
        null,
        1,
        null,
        null,
        1,
        1,
        1,
        null,
        null,
        1,
        1,
        1,
        1,
        null,
        null
      ],
      "/home/erik/wuff/wuff_backend/config/initializers/inflections.rb": [
        null,
        null,
        null,
        null,
        null,
        null,
        null,
        null,
        null,
        null,
        null,
        null,
        null,
        null,
        null,
        null
      ],
      "/home/erik/wuff/wuff_backend/config/initializers/mime_types.rb": [
        null,
        null,
        null,
        null,
        null
      ],
      "/home/erik/wuff/wuff_backend/config/initializers/secret_token.rb": [
        null,
        null,
        null,
        null,
        null,
        null,
        null,
        null,
        null,
        null,
        null,
        1
      ],
      "/home/erik/wuff/wuff_backend/config/initializers/session_store.rb": [
        null,
        null,
        1
      ],
      "/home/erik/wuff/wuff_backend/config/initializers/wrap_parameters.rb": [
        null,
        null,
        null,
        null,
        null,
        null,
        1,
        1,
        null,
        null,
        null,
        null,
        null,
        null
      ],
      "/home/erik/wuff/wuff_backend/config/routes.rb": [
        1,
        1,
        null,
        1,
        1,
        1,
        1,
        1,
        1,
        1,
        1,
        1,
        null,
        1,
        1,
        1,
        null
      ],
      "/home/erik/wuff/wuff_backend/app/helpers/application_helper.rb": [
        1,
        null
      ],
      "/home/erik/wuff/wuff_backend/app/helpers/events_helper.rb": [
        1,
        null
      ],
      "/home/erik/wuff/wuff_backend/app/helpers/users_helper.rb": [
        1,
        null
      ],
      "/home/erik/wuff/wuff_backend/app/classes/EventNotification.rb": [
        1,
        null,
        null,
        1,
        1,
        1,
        null,
        1,
        63,
        63,
        63,
        null,
        null,
        1,
        55,
        null,
        null,
        55,
        null,
        null,
        null
      ],
      "/home/erik/wuff/wuff_backend/app/classes/FriendNotification.rb": [
        1,
        null,
        null,
        1,
        null,
        1,
        13,
        13,
        null,
        null,
        1,
        null,
        null,
        13,
        null,
        null,
        null
      ],
      "/home/erik/wuff/wuff_backend/spec/controllers/events_controller_spec.rb": [
        1,
        1,
        null,
        1,
        null,
        1,
        1,
        10,
        null,
        10,
        10,
        10,
        10,
        null,
        null,
        1,
        1,
        3,
        null,
        3,
        3,
        null,
        null,
        3,
        3,
        3,
        null,
        null,
        2,
        null,
        1,
        2,
        2,
        null,
        null,
        null,
        1,
        2,
        null,
        1,
        1,
        null,
        null,
        1,
        1,
        1,
        null,
        null,
        null,
        1,
        1,
        2,
        null,
        2,
        null,
        1,
        2,
        null,
        2,
        null,
        1,
        2,
        null,
        null,
        2,
        null,
        1,
        2,
        null,
        null,
        2,
        null,
        1,
        2,
        null,
        2,
        null,
        1,
        2,
        2,
        null,
        null,
        null,
        null,
        1,
        null,
        1,
        5,
        null,
        5,
        5,
        5,
        null,
        5,
        5,
        5,
        5,
        5,
        5,
        5,
        5,
        5,
        5,
        null,
        5,
        5,
        null,
        5,
        5,
        5,
        null,
        null,
        1,
        4,
        1,
        1,
        1,
        null,
        1,
        1,
        1,
        1,
        null,
        1,
        1,
        1,
        1,
        1,
        1,
        1,
        1,
        1,
        1,
        1,
        1,
        1,
        null,
        null,
        null,
        1,
        1,
        1,
        null,
        1,
        1,
        1,
        1,
        null,
        1,
        1,
        1,
        1,
        1,
        1,
        1,
        1,
        1,
        1,
        1,
        1,
        1,
        null,
        null,
        null,
        1,
        1,
        1,
        1,
        null,
        1,
        1,
        1,
        1,
        null,
        1,
        1,
        1,
        1,
        1,
        1,
        1,
        1,
        1,
        1,
        1,
        null,
        null,
        null,
        null,
        1,
        1,
        1,
        1,
        null,
        1,
        1,
        1,
        1,
        null,
        1,
        1,
        1,
        1,
        1,
        1,
        1,
        1,
        1,
        1,
        1,
        1,
        1,
        null,
        null,
        null,
        1,
        1,
        1,
        1,
        null,
        1,
        1,
        1,
        1,
        null,
        1,
        1,
        1,
        1,
        1,
        1,
        1,
        1,
        1,
        1,
        1,
        1,
        1,
        null,
        null,
        null,
        null,
        1,
        1,
        4,
        null,
        4,
        4,
        4,
        null,
        4,
        4,
        4,
        4,
        4,
        4,
        4,
        4,
        4,
        null,
        null,
        1,
        1,
        1,
        null,
        1,
        null,
        null,
        1,
        1,
        1,
        null,
        1,
        null,
        null,
        1,
        1,
        1,
        null,
        1,
        1,
        1,
        1,
        null,
        null,
        1,
        1,
        1,
        null,
        1,
        1,
        1,
        1,
        null,
        null,
        null
      ],
      "/home/erik/wuff/wuff_backend/app/controllers/events_controller.rb": [
        1,
        null,
        1,
        null,
        null,
        null,
        null,
        null,
        null,
        null,
        1,
        null,
        10,
        1,
        1,
        null,
        null,
        9,
        null,
        9,
        1,
        1,
        null,
        null,
        8,
        12,
        12,
        2,
        2,
        null,
        10,
        null,
        null,
        6,
        null,
        null,
        6,
        3,
        null,
        3,
        null,
        null,
        null,
        null,
        null,
        null,
        null,
        null,
        null,
        1,
        null,
        0,
        0,
        0,
        null,
        null,
        0,
        0,
        0,
        null,
        0,
        0,
        null,
        null,
        0,
        0,
        0,
        null,
        null,
        0,
        0,
        0,
        0,
        0,
        null,
        0,
        null,
        null,
        0,
        0,
        null,
        0,
        0,
        0,
        null,
        0,
        null,
        null,
        null,
        null,
        null,
        null,
        1,
        null,
        4,
        1,
        1,
        null,
        null,
        3,
        3,
        3,
        null,
        1,
        1,
        null,
        null,
        2,
        null,
        2,
        0,
        0,
        null,
        null,
        2,
        2,
        null,
        null,
        null,
        null,
        null,
        null,
        null,
        null,
        1,
        null,
        5,
        0,
        0,
        null,
        null,
        5,
        5,
        5,
        null,
        1,
        1,
        null,
        null,
        4,
        1,
        1,
        null,
        null,
        3,
        5,
        5,
        1,
        1,
        null,
        4,
        null,
        null,
        2,
        6,
        null,
        2,
        2,
        2,
        null,
        2,
        null,
        null,
        1,
        null,
        null,
        null,
        1,
        19,
        19,
        null,
        null,
        null,
        1,
        19,
        null,
        null,
        null,
        null,
        1,
        34,
        34,
        null,
        null,
        null
      ],
      "/home/erik/wuff/wuff_backend/app/models/user.rb": [
        1,
        1,
        null,
        null,
        1,
        null,
        466,
        null,
        1,
        null,
        null,
        1,
        null,
        null,
        1,
        null,
        1,
        null,
        1,
        null,
        null,
        1,
        null,
        1,
        null,
        1,
        null,
        1,
        null,
        null,
        null,
        null,
        null,
        null,
        1,
        133,
        127,
        125,
        123,
        121,
        121,
        121,
        121,
        121,
        121,
        null,
        null,
        null,
        null,
        null,
        1,
        5,
        5,
        2,
        null,
        null,
        null,
        null,
        1,
        12,
        12,
        10,
        9,
        9,
        9,
        null,
        10,
        null,
        null,
        null,
        1,
        2,
        2,
        1,
        1,
        null,
        2,
        null,
        null,
        null,
        null,
        null,
        1,
        null,
        null,
        null,
        112,
        112,
        null,
        null,
        null,
        null,
        1,
        3,
        3,
        3,
        2,
        null,
        null,
        null,
        null,
        null,
        1,
        0,
        0,
        null,
        0,
        null,
        0,
        null,
        null,
        null,
        1,
        66,
        null,
        null,
        null,
        1,
        197,
        197,
        197,
        null,
        197,
        null,
        null,
        null,
        null,
        1,
        474,
        null,
        null,
        1,
        null,
        null,
        1,
        121,
        null,
        null,
        null,
        null,
        1,
        133,
        0,
        null,
        6,
        null,
        127,
        null,
        null,
        null,
        null,
        1,
        127,
        0,
        null,
        2,
        null,
        125,
        null,
        null,
        null,
        null,
        1,
        123,
        null,
        null,
        null,
        null,
        1,
        125,
        0,
        null,
        2,
        null,
        123,
        null,
        null,
        null,
        null,
        1,
        0,
        0,
        0,
        null,
        null,
        null
      ],
      "/home/erik/wuff/wuff_backend/app/controllers/application_controller.rb": [
        1,
        null,
        null,
        null,
        null
      ],
      "/home/erik/wuff/wuff_backend/spec/controllers/users_controller_spec.rb": [
        1,
        1,
        null,
        1,
        null,
        1,
        1,
        3,
        null,
        null,
        1,
        1,
        1,
        1,
        1,
        null,
        null,
        null,
        1,
        1,
        1,
        1,
        1,
        null,
        null,
        1,
        1,
        1,
        1,
        1,
        null,
        null,
        null,
        null,
        1,
        1,
        3,
        3,
        null,
        null,
        1,
        1,
        1,
        1,
        1,
        1,
        1,
        null,
        null,
        null,
        1,
        1,
        1,
        1,
        null,
        null,
        null,
        1,
        1,
        1,
        1,
        1,
        1,
        1,
        1,
        null,
        null,
        null,
        null,
        1,
        1,
        3,
        3,
        3,
        3,
        3,
        null,
        3,
        3,
        3,
        3,
        null,
        null,
        1,
        1,
        1,
        1,
        null,
        null,
        null,
        1,
        1,
        1,
        1,
        null,
        null,
        null,
        1,
        1,
        1,
        1,
        null,
        null,
        null,
        null,
        1,
        1,
        5,
        5,
        5,
        5,
        5,
        null,
        5,
        5,
        5,
        5,
        null,
        null,
        1,
        1,
        1,
        1,
        null,
        null,
        1,
        1,
        1,
        1,
        null,
        null,
        null,
        null,
        null,
        1,
        1,
        1,
        1,
        null,
        null,
        1,
        1,
        1,
        1,
        1,
        null,
        null,
        null,
        1,
        1,
        1,
        1,
        1,
        1,
        null,
        null,
        null,
        null,
        null,
        1,
        1,
        14,
        null,
        14,
        14,
        14,
        14,
        null,
        14,
        14,
        14,
        null,
        null,
        1,
        1,
        4,
        null,
        4,
        4,
        null,
        1,
        1,
        2,
        2,
        null,
        2,
        1,
        1,
        1,
        1,
        1,
        1,
        1,
        null,
        1,
        1,
        1,
        1,
        2,
        2,
        2,
        null,
        1,
        1,
        1,
        1,
        1,
        1,
        null,
        null,
        1,
        1,
        2,
        2,
        null,
        2,
        1,
        1,
        1,
        1,
        null,
        null,
        null,
        null,
        1,
        1,
        4,
        null,
        4,
        null,
        4,
        null,
        4,
        4,
        null,
        1,
        1,
        2,
        2,
        null,
        2,
        1,
        1,
        1,
        null,
        1,
        1,
        1,
        null,
        1,
        1,
        null,
        null,
        1,
        1,
        2,
        2,
        null,
        2,
        1,
        1,
        1,
        null,
        null,
        1,
        1,
        1,
        1,
        null,
        null,
        1,
        1,
        1,
        null,
        null,
        null,
        null,
        1,
        1,
        6,
        null,
        6,
        null,
        6,
        6,
        6,
        6,
        null,
        1,
        1,
        3,
        3,
        null,
        2,
        1,
        1,
        1,
        1,
        null,
        1,
        1,
        1,
        null,
        null,
        1,
        1,
        3,
        3,
        null,
        2,
        1,
        1,
        1,
        null,
        1,
        1,
        1,
        null,
        1,
        1,
        null,
        1,
        1,
        1,
        null,
        null,
        null,
        null,
        null,
        null
      ],
      "/home/erik/wuff/wuff_backend/app/controllers/users_controller.rb": [
        1,
        null,
        null,
        1,
        null,
        null,
        null,
        null,
        null,
        null,
        null,
        1,
        3,
        3,
        3,
        2,
        null,
        1,
        1,
        1,
        1,
        1,
        null,
        null,
        null,
        null,
        null,
        null,
        null,
        null,
        1,
        2,
        2,
        2,
        1,
        null,
        1,
        1,
        1,
        1,
        1,
        1,
        null,
        null,
        null,
        null,
        null,
        null,
        null,
        1,
        1,
        1,
        1,
        1,
        1,
        null,
        null,
        null,
        null,
        1,
        2,
        0,
        0,
        null,
        2,
        2,
        null,
        null,
        null,
        null,
        1,
        1,
        0,
        0,
        null,
        1,
        1,
        null,
        null,
        null,
        null,
        null,
        null,
        null,
        null,
        null,
        null,
        null,
        null,
        1,
        14,
        0,
        0,
        null,
        14,
        14,
        14,
        14,
        14,
        26,
        26,
        null,
        3,
        null,
        23,
        23,
        23,
        null,
        14,
        14,
        14,
        null,
        null,
        null,
        null,
        null,
        1,
        2,
        0,
        0,
        null,
        2,
        2,
        null,
        null,
        null,
        null,
        1,
        2,
        0,
        0,
        null,
        2,
        2,
        2,
        1,
        1,
        null,
        2,
        2,
        null,
        null,
        null,
        null,
        1,
        1,
        0,
        0,
        null,
        1,
        1,
        null,
        null,
        1,
        null,
        null,
        null,
        1,
        28,
        28,
        48,
        36,
        null,
        null,
        null,
        1,
        0,
        0,
        0,
        0,
        null,
        null,
        null,
        null,
        1,
        22,
        null,
        null,
        null,
        1,
        0,
        null,
        null,
        null,
        null,
        1,
        45,
        45,
        null,
        null,
        null
      ],
      "/home/erik/wuff/wuff_backend/spec/models/event_spec.rb": [
        1,
        null,
        1,
        null,
        1,
        null,
        1,
        29,
        null,
        29,
        29,
        null,
        29,
        null,
        null,
        1,
        1,
        12,
        null,
        12,
        12,
        null,
        2,
        null,
        1,
        2,
        2,
        null,
        null,
        1,
        2,
        2,
        2,
        null,
        2,
        1,
        2,
        2,
        2,
        2,
        2,
        null,
        null,
        null,
        1,
        1,
        2,
        null,
        2,
        null,
        1,
        2,
        null,
        2,
        null,
        null,
        null,
        1,
        2,
        null,
        2,
        null,
        null,
        1,
        7,
        6,
        null,
        1,
        2,
        2,
        null,
        1,
        2,
        2,
        null,
        1,
        2,
        2,
        null,
        1,
        1,
        1,
        1,
        null,
        2,
        null,
        1,
        2,
        2,
        null,
        1,
        2,
        2,
        null,
        null,
        null,
        1,
        1,
        2,
        null,
        2,
        null,
        1,
        2,
        null,
        2,
        null,
        1,
        2,
        null,
        2,
        null,
        1,
        2,
        null,
        2,
        null,
        null,
        null,
        1,
        1,
        2,
        null,
        2,
        null,
        1,
        2,
        null,
        2,
        null,
        1,
        2,
        null,
        2,
        null,
        1,
        2,
        null,
        2,
        null,
        null,
        null,
        null,
        1,
        null,
        1,
        1,
        3,
        null,
        3,
        3,
        null,
        3,
        3,
        null,
        3,
        3,
        3,
        null,
        null,
        1,
        1,
        1,
        1,
        null,
        null,
        null,
        1,
        1,
        1,
        1,
        1,
        1,
        null,
        null,
        null,
        1,
        1,
        1,
        1,
        null,
        null,
        null,
        null,
        1,
        1,
        1,
        null,
        1,
        null,
        1,
        null,
        1,
        null,
        null,
        1,
        1,
        1,
        1,
        1,
        1,
        1,
        1,
        1,
        1,
        1,
        1,
        1,
        1,
        1,
        1,
        1,
        1,
        null,
        null,
        null
      ],
      "/home/erik/wuff/wuff_backend/app/models/event.rb": [
        1,
        1,
        null,
        1,
        null,
        1,
        null,
        1,
        1,
        1,
        1,
        1,
        null,
        null,
        null,
        null,
        1,
        72,
        69,
        null,
        null,
        null,
        64,
        null,
        62,
        null,
        61,
        111,
        109,
        null,
        null,
        59,
        null,
        null,
        null,
        null,
        null,
        null,
        null,
        null,
        null,
        1,
        null,
        70,
        69,
        null,
        66,
        113,
        null,
        null,
        66,
        null,
        null,
        null,
        66,
        null,
        66,
        66,
        58,
        58,
        null,
        58,
        null,
        58,
        null,
        58,
        null,
        null,
        58,
        null,
        null,
        null,
        1,
        4,
        null,
        null,
        null,
        null,
        null,
        1,
        68,
        68,
        116,
        null,
        68,
        68,
        null,
        null,
        null,
        1,
        60,
        108,
        108,
        null,
        null,
        null,
        null,
        null,
        null,
        1,
        19,
        12,
        null,
        null,
        null,
        null,
        1,
        64,
        64,
        null,
        null,
        null,
        null,
        null,
        null,
        1,
        60,
        0,
        0,
        0,
        0,
        null,
        0,
        null,
        0,
        null,
        null,
        60,
        108,
        50,
        50,
        null,
        0,
        null,
        50,
        null,
        null,
        null,
        null,
        null,
        null,
        null,
        1,
        24,
        24,
        24,
        43,
        43,
        43,
        null,
        null,
        24,
        null,
        24,
        null,
        null,
        1,
        null,
        null,
        null,
        1,
        113,
        113,
        null,
        0,
        null,
        113,
        null,
        null,
        null
      ],
      "/home/erik/wuff/wuff_backend/spec/models/user_spec.rb": [
        null,
        1,
        null,
        1,
        null,
        1,
        1,
        1,
        1,
        1,
        null,
        null,
        null,
        1,
        1,
        1,
        1,
        null,
        null,
        null,
        1,
        1,
        1,
        1,
        null,
        null,
        null,
        1,
        1,
        1,
        1,
        null,
        null,
        null,
        1,
        1,
        1,
        1,
        null,
        null,
        null,
        1,
        1,
        1,
        1,
        null,
        null,
        null,
        1,
        1,
        1,
        1,
        null,
        null,
        null,
        null,
        1,
        1,
        1,
        1,
        1,
        null,
        null,
        null,
        1,
        1,
        1,
        1,
        null,
        null,
        null,
        1,
        1,
        1,
        1,
        null,
        null,
        null,
        1,
        1,
        1,
        1,
        null,
        null,
        null,
        1,
        1,
        1,
        1,
        null,
        null,
        null,
        1,
        1,
        1,
        1,
        null,
        null,
        null,
        1,
        1,
        1,
        1,
        1,
        1,
        null,
        null,
        null,
        null,
        1,
        1,
        1,
        1,
        1,
        null,
        null,
        null,
        1,
        1,
        1,
        1,
        null,
        null,
        null,
        1,
        1,
        1,
        1,
        null,
        null,
        null,
        null,
        1,
        1,
        1,
        1,
        1,
        1,
        null,
        null,
        null,
        null,
        null,
        1,
        1,
        3,
        3,
        null,
        null,
        1,
        1,
        1,
        1,
        null,
        null,
        null,
        1,
        1,
        1,
        1,
        null,
        null,
        null,
        1,
        1,
        1,
        1,
        null,
        null,
        null,
        null,
        1,
        1,
        4,
        4,
        4,
        4,
        4,
        4,
        4,
        4,
        null,
        null,
        1,
        1,
        1,
        1,
        null,
        null,
        null,
        1,
        1,
        1,
        1,
        null,
        null,
        null,
        1,
        1,
        1,
        null,
        null,
        null,
        1,
        1,
        1,
        1,
        null,
        null,
        null,
        null,
        null,
        1,
        1,
        2,
        null,
        2,
        2,
        null,
        2,
        2,
        null,
        2,
        null,
        null,
        1,
        1,
        2,
        null,
        null,
        2,
        2,
        2,
        2,
        2,
        null,
        1,
        1,
        1,
        1,
        1,
        1,
        1,
        null,
        1,
        1,
        null,
        1,
        0,
        null,
        1,
        null,
        1,
        1,
        1,
        1,
        1,
        1,
        1,
        1,
        1,
        0,
        null,
        1,
        0,
        null,
        1,
        0,
        null,
        1,
        null,
        null,
        null
      ]
    },
    "timestamp": 1394909294
  }
}
