{
  "RSpec": {
    "coverage": {
      "/home/erik/wuff/wuff_backend/config/environment.rb": [
        null,
        1,
        null,
        null,
        1
      ],
      "/home/erik/wuff/wuff_backend/config/application.rb": [
        1,
        null,
        null,
        1,
        1,
        1,
        1,
        null,
        null,
        null,
        null,
        1,
        null,
        1,
        1,
        null,
        null,
        null,
        null,
        null,
        null,
        null,
        null,
        null,
        null,
        null,
        null,
        null,
        null,
        null,
        1,
        null,
        null
      ],
      "/home/erik/wuff/wuff_backend/config/boot.rb": [
        null,
        1,
        null,
        1
      ],
      "/home/erik/wuff/wuff_backend/config/environments/test.rb": [
        1,
        null,
        null,
        null,
        null,
        null,
        null,
        1,
        null,
        null,
        null,
        null,
        1,
        null,
        null,
        1,
        1,
        null,
        null,
        1,
        1,
        null,
        null,
        1,
        null,
        null,
        1,
        null,
        null,
        null,
        null,
        1,
        null,
        null,
        1,
        null
      ],
      "/home/erik/wuff/wuff_backend/config/initializers/backtrace_silencers.rb": [
        null,
        null,
        null,
        null,
        null,
        null,
        null
      ],
      "/home/erik/wuff/wuff_backend/config/initializers/filter_parameter_logging.rb": [
        null,
        null,
        null,
        1
      ],
      "/home/erik/wuff/wuff_backend/config/initializers/global_constants.rb": [
        null,
        1,
        null,
        1,
        null,
        1,
        null,
        1,
        null,
        1,
        null,
        1,
        null,
        1,
        null,
        1,
        null,
        1,
        null,
        1,
        null,
        null,
        1,
        null,
        null,
        1,
        1,
        1,
        null,
        null,
        1,
        1,
        1,
        1,
        null,
        null
      ],
      "/home/erik/wuff/wuff_backend/config/initializers/inflections.rb": [
        null,
        null,
        null,
        null,
        null,
        null,
        null,
        null,
        null,
        null,
        null,
        null,
        null,
        null,
        null,
        null
      ],
      "/home/erik/wuff/wuff_backend/config/initializers/mime_types.rb": [
        null,
        null,
        null,
        null,
        null
      ],
      "/home/erik/wuff/wuff_backend/config/initializers/secret_token.rb": [
        null,
        null,
        null,
        null,
        null,
        null,
        null,
        null,
        null,
        null,
        null,
        1
      ],
      "/home/erik/wuff/wuff_backend/config/initializers/session_store.rb": [
        null,
        null,
        1
      ],
      "/home/erik/wuff/wuff_backend/config/initializers/wrap_parameters.rb": [
        null,
        null,
        null,
        null,
        null,
        null,
        1,
        1,
        null,
        null,
        null,
        null,
        null,
        null
      ],
      "/home/erik/wuff/wuff_backend/config/routes.rb": [
        1,
        1,
        null,
        1,
        1,
        1,
        1,
        1,
        1,
        1,
        1,
        1,
        null,
        1,
        1,
        1,
        1,
        1,
        1,
        1,
        null,
        1,
        1,
        1,
        1,
        1,
        1,
        null
      ],
      "/home/erik/wuff/wuff_backend/app/helpers/application_helper.rb": [
        1,
        null
      ],
      "/home/erik/wuff/wuff_backend/app/helpers/events_helper.rb": [
        1,
        null
      ],
      "/home/erik/wuff/wuff_backend/app/helpers/groups_helper.rb": [
        1,
        null
      ],
      "/home/erik/wuff/wuff_backend/app/helpers/users_helper.rb": [
        1,
        null
      ],
      "/home/erik/wuff/wuff_backend/app/classes/EventNotification.rb": [
        1,
        null,
        null,
        1,
        1,
        1,
        null,
        1,
        80,
        80,
        80,
        null,
        null,
        1,
        72,
        null,
        null,
        72,
        null,
        null,
        null
      ],
      "/home/erik/wuff/wuff_backend/app/classes/FriendNotification.rb": [
        1,
        null,
        null,
        1,
        null,
        1,
        13,
        13,
        null,
        null,
        1,
        null,
        null,
        13,
        null,
        null,
        null
      ],
      "/home/erik/wuff/wuff_backend/spec/controllers/events_controller_spec.rb": [
        1,
        1,
        null,
        1,
        null,
        1,
        1,
        10,
        null,
        10,
        10,
        10,
        10,
        null,
        null,
        1,
        1,
        3,
        null,
        3,
        3,
        null,
        null,
        3,
        3,
        3,
        null,
        null,
        2,
        null,
        1,
        2,
        2,
        null,
        null,
        null,
        1,
        2,
        null,
        1,
        1,
        null,
        null,
        1,
        1,
        1,
        null,
        null,
        null,
        1,
        1,
        2,
        null,
        2,
        null,
        1,
        2,
        null,
        2,
        null,
        1,
        2,
        null,
        null,
        2,
        null,
        1,
        2,
        null,
        null,
        2,
        null,
        1,
        2,
        null,
        2,
        null,
        1,
        2,
        2,
        null,
        null,
        null,
        null,
        1,
        null,
        1,
        5,
        null,
        5,
        5,
        null,
        5,
        5,
        5,
        5,
        5,
        5,
        5,
        5,
        5,
        5,
        null,
        5,
        5,
        null,
        5,
        5,
        5,
        null,
        null,
        1,
        4,
        1,
        1,
        1,
        null,
        1,
        1,
        1,
        1,
        null,
        1,
        1,
        1,
        1,
        1,
        1,
        1,
        1,
        1,
        1,
        1,
        1,
        1,
        null,
        null,
        null,
        1,
        1,
        1,
        null,
        1,
        1,
        1,
        1,
        null,
        1,
        1,
        1,
        1,
        1,
        1,
        1,
        1,
        1,
        1,
        1,
        1,
        1,
        null,
        null,
        null,
        1,
        1,
        1,
        1,
        null,
        1,
        1,
        1,
        1,
        null,
        1,
        1,
        1,
        1,
        1,
        1,
        1,
        1,
        1,
        1,
        1,
        null,
        null,
        null,
        null,
        1,
        1,
        1,
        1,
        null,
        1,
        1,
        1,
        1,
        null,
        1,
        1,
        1,
        1,
        1,
        1,
        1,
        1,
        1,
        1,
        1,
        1,
        1,
        null,
        null,
        null,
        1,
        1,
        1,
        1,
        null,
        1,
        1,
        1,
        1,
        null,
        1,
        1,
        1,
        1,
        1,
        1,
        1,
        1,
        1,
        1,
        1,
        1,
        1,
        null,
        null,
        null,
        null,
        1,
        1,
        4,
        null,
        4,
        4,
        null,
        4,
        4,
        4,
        4,
        4,
        4,
        4,
        4,
        4,
        null,
        null,
        1,
        1,
        1,
        null,
        1,
        null,
        null,
        1,
        1,
        1,
        null,
        1,
        null,
        null,
        1,
        1,
        1,
        null,
        1,
        1,
        1,
        1,
        null,
        null,
        1,
        1,
        1,
        null,
        1,
        1,
        1,
        1,
        null,
        null,
        null,
        1,
        1,
        4,
        null,
        4,
        4,
        null,
        4,
        4,
        4,
        4,
        4,
        4,
        4,
        null,
        null,
        1,
        1,
        1,
        1,
        null,
        null,
        1,
        1,
        null,
        1,
        1,
        1,
        1,
        1,
        null,
        null,
        1,
        1,
        1,
        1,
        null,
        null,
        1,
        1,
        1,
        1,
        1,
        1,
        1,
        1,
        1,
        1,
        1,
        null,
        null,
        null,
        1,
        1,
        3,
        null,
        3,
        3,
        null,
        3,
        3,
        3,
        3,
        3,
        3,
        3,
        null,
        null,
        1,
        1,
        1,
        null,
        1,
        1,
        1,
        1,
        1,
        null,
        null,
        1,
        1,
        null,
        1,
        1,
        1,
        null,
        1,
        1,
        1,
        1,
        1,
        1,
        null,
        null,
        1,
        1,
        1,
        null,
        1,
        1,
        1,
        1,
        1,
        1,
        null,
        1,
        1,
        null,
        null,
        null,
        1,
        1,
        2,
        null,
        2,
        2,
        null,
        2,
        2,
        2,
        2,
        2,
        2,
        2,
        2,
        2,
        null,
        null,
        1,
        1,
        1,
        1,
        1,
        1,
        1,
        1,
        1,
        1,
        null,
        null,
        1,
        1,
        1,
        1,
        1,
        1,
        1,
        1,
        2,
        null,
        null,
        null,
        1,
        1,
        7,
        null,
        7,
        7,
        7,
        7,
        7,
        null,
        7,
        7,
        7,
        7,
        7,
        7,
        7,
        null,
        null,
        1,
        1,
        1,
        null,
        null,
        null,
        1,
        1,
        1,
        1,
        1,
        null,
        null,
        1,
        1,
        1,
        null,
        1,
        1,
        1,
        1,
        1,
        null,
        null,
        1,
        1,
        1,
        null,
        null,
        null,
        1,
        1,
        1,
        1,
        1,
        null,
        null,
        1,
        1,
        2,
        null,
        2,
        null,
        1,
        2,
        null,
        2,
        null,
        1,
        2,
        null,
        2,
        null,
        1,
        2,
        null,
        2,
        null,
        null,
        null,
        null
      ],
      "/home/erik/wuff/wuff_backend/app/controllers/events_controller.rb": [
        1,
        null,
        1,
        null,
        null,
        null,
        null,
        null,
        null,
        null,
        1,
        null,
        10,
        9,
        null,
        9,
        1,
        1,
        null,
        null,
        8,
        12,
        12,
        2,
        2,
        null,
        10,
        null,
        null,
        6,
        null,
        null,
        6,
        3,
        null,
        3,
        null,
        null,
        null,
        null,
        null,
        null,
        null,
        null,
        null,
        1,
        5,
        5,
        4,
        null,
        3,
        5,
        5,
        1,
        1,
        null,
        4,
        null,
        null,
        2,
        6,
        null,
        2,
        2,
        2,
        null,
        2,
        null,
        null,
        null,
        null,
        null,
        null,
        1,
        4,
        3,
        null,
        2,
        null,
        2,
        0,
        0,
        null,
        null,
        2,
        2,
        null,
        null,
        null,
        null,
        1,
        4,
        3,
        2,
        1,
        null,
        null,
        null,
        null,
        null,
        null,
        1,
        2,
        2,
        2,
        null,
        1,
        1,
        1,
        null,
        null,
        null,
        null,
        null,
        1,
        7,
        7,
        7,
        null,
        6,
        6,
        6,
        6,
        6,
        6,
        6,
        null,
        null,
        null,
        null,
        null,
        null,
        1,
        3,
        3,
        3,
        null,
        3,
        3,
        null,
        0,
        0,
        null,
        null,
        3,
        1,
        1,
        null,
        null,
        2,
        2,
        2,
        null,
        null,
        1,
        null,
        null,
        null,
        1,
        35,
        3,
        3,
        null,
        32,
        null,
        null,
        null,
        null,
        null,
        1,
        23,
        23,
        null,
        3,
        3,
        null,
        20,
        null,
        null,
        null,
        null,
        null,
        1,
        16,
        3,
        3,
        null,
        13,
        null,
        null,
        null,
        null,
        null,
        1,
        2,
        1,
        1,
        null,
        1,
        null,
        null,
        null,
        null,
        1,
        35,
        35,
        null,
        null,
        null,
        1,
        35,
        null,
        null,
        null,
        null,
        1,
        64,
        64,
        null,
        null,
        null
      ],
      "/home/erik/wuff/wuff_backend/app/models/user.rb": [
        1,
        1,
        null,
        null,
        1,
        null,
        839,
        null,
        1,
        null,
        null,
        1,
        null,
        null,
        1,
        null,
        1,
        null,
        1,
        null,
        1,
        null,
        null,
        1,
        null,
        1,
        null,
        1,
        null,
        1,
        null,
        null,
        null,
        null,
        null,
        null,
        1,
        253,
        247,
        245,
        243,
        241,
        241,
        241,
        241,
        241,
        241,
        null,
        null,
        null,
        null,
        null,
        1,
        5,
        5,
        2,
        null,
        null,
        null,
        null,
        1,
        12,
        12,
        10,
        9,
        9,
        9,
        null,
        10,
        null,
        null,
        null,
        1,
        2,
        2,
        1,
        1,
        null,
        2,
        null,
        null,
        null,
        null,
        1,
        null,
        null,
        null,
        146,
        146,
        null,
        null,
        null,
        null,
        1,
        7,
        7,
        7,
        4,
        null,
        null,
        null,
        null,
        null,
        1,
        null,
        null,
        null,
        95,
        95,
        null,
        null,
        null,
        null,
        1,
        8,
        8,
        null,
        null,
        null,
        null,
        null,
        1,
        0,
        0,
        null,
        0,
        null,
        0,
        null,
        null,
        null,
        1,
        83,
        null,
        null,
        null,
        1,
        384,
        384,
        384,
        null,
        384,
        null,
        null,
        null,
        null,
        1,
        932,
        null,
        null,
        1,
        null,
        null,
        1,
        241,
        null,
        null,
        null,
        null,
        1,
        253,
        0,
        null,
        6,
        null,
        247,
        null,
        null,
        null,
        null,
        1,
        247,
        0,
        null,
        2,
        null,
        245,
        null,
        null,
        null,
        null,
        1,
        243,
        null,
        null,
        null,
        null,
        1,
        245,
        0,
        null,
        2,
        null,
        243,
        null,
        null,
        null,
        null,
        1,
        0,
        0,
        0,
        null,
        null,
        null
      ],
      "/home/erik/wuff/wuff_backend/app/controllers/application_controller.rb": [
        1,
        null,
        null,
        null,
        null
      ],
      "/home/erik/wuff/wuff_backend/spec/controllers/groups_controller_spec.rb": [
        1,
        1,
        null,
        1,
        null,
        1,
        1,
        15,
        null,
        15,
        15,
        15,
        15,
        null,
        null,
        1,
        1,
        5,
        null,
        5,
        5,
        null,
        null,
        5,
        5,
        5,
        null,
        null,
        2,
        null,
        1,
        2,
        2,
        null,
        null,
        1,
        3,
        2,
        2,
        null,
        null,
        null,
        1,
        1,
        5,
        null,
        5,
        5,
        null,
        null,
        5,
        5,
        5,
        null,
        null,
        2,
        null,
        1,
        2,
        2,
        null,
        null,
        1,
        3,
        2,
        2,
        null,
        null,
        null,
        1,
        2,
        null,
        1,
        1,
        null,
        null,
        1,
        1,
        1,
        null,
        null,
        null,
        1,
        1,
        2,
        null,
        2,
        null,
        1,
        2,
        null,
        2,
        null,
        1,
        2,
        null,
        2,
        null,
        1,
        2,
        null,
        2,
        null,
        null,
        null,
        null,
        1,
        null,
        1,
        5,
        null,
        5,
        5,
        null,
        5,
        5,
        5,
        5,
        5,
        5,
        5,
        5,
        null,
        5,
        5,
        null,
        5,
        5,
        5,
        null,
        null,
        1,
        4,
        1,
        1,
        1,
        null,
        1,
        1,
        1,
        1,
        null,
        1,
        1,
        1,
        1,
        1,
        1,
        1,
        1,
        1,
        null,
        null,
        null,
        1,
        1,
        1,
        null,
        1,
        1,
        1,
        1,
        null,
        1,
        1,
        1,
        1,
        1,
        1,
        1,
        1,
        1,
        null,
        null,
        null,
        1,
        1,
        1,
        null,
        1,
        1,
        1,
        1,
        null,
        1,
        1,
        1,
        1,
        1,
        1,
        1,
        1,
        1,
        1,
        null,
        null,
        null,
        null,
        1,
        1,
        1,
        1,
        1,
        1,
        null,
        1,
        1,
        1,
        1,
        null,
        1,
        1,
        1,
        1,
        1,
        1,
        1,
        1,
        1,
        null,
        null,
        null,
        1,
        1,
        1,
        1,
        null,
        1,
        1,
        1,
        1,
        null,
        1,
        1,
        1,
        1,
        1,
        1,
        1,
        null,
        null,
        null,
        null,
        1,
        1,
        5,
        null,
        5,
        5,
        null,
        5,
        5,
        5,
        5,
        5,
        5,
        5,
        5,
        5,
        null,
        null,
        1,
        1,
        1,
        1,
        null,
        null,
        1,
        1,
        null,
        1,
        1,
        1,
        1,
        1,
        null,
        null,
        1,
        1,
        1,
        1,
        null,
        null,
        1,
        1,
        1,
        1,
        1,
        1,
        1,
        1,
        null,
        null,
        1,
        1,
        1,
        1,
        1,
        1,
        1,
        1,
        null,
        null,
        null,
        1,
        1,
        4,
        null,
        4,
        4,
        null,
        4,
        4,
        4,
        4,
        4,
        4,
        4,
        null,
        null,
        1,
        1,
        null,
        1,
        1,
        1,
        1,
        1,
        null,
        1,
        1,
        1,
        1,
        1,
        null,
        null,
        1,
        1,
        null,
        1,
        1,
        1,
        null,
        1,
        1,
        1,
        1,
        1,
        1,
        1,
        null,
        null,
        1,
        1,
        1,
        null,
        1,
        1,
        1,
        1,
        1,
        1,
        null,
        1,
        1,
        null,
        null,
        1,
        1,
        1,
        null,
        1,
        1,
        1,
        1,
        1,
        1,
        null,
        1,
        1,
        null,
        null,
        null,
        1,
        1,
        2,
        null,
        2,
        2,
        null,
        2,
        2,
        2,
        2,
        2,
        2,
        null,
        null,
        1,
        1,
        null,
        1,
        1,
        1,
        1,
        1,
        1,
        1,
        1,
        1,
        1,
        1,
        1,
        1,
        null,
        null,
        1,
        1,
        1,
        1,
        1,
        1,
        1,
        1,
        2,
        null,
        null,
        null,
        1,
        1,
        5,
        null,
        5,
        5,
        5,
        5,
        5,
        null,
        5,
        5,
        5,
        5,
        null,
        null,
        1,
        1,
        null,
        1,
        1,
        1,
        null,
        null,
        1,
        1,
        1,
        1,
        1,
        null,
        null,
        1,
        1,
        null,
        1,
        1,
        1,
        1,
        1,
        null,
        1,
        1,
        1,
        1,
        null,
        null,
        1,
        1,
        2,
        null,
        2,
        null,
        1,
        2,
        null,
        2,
        null,
        null,
        null,
        null
      ],
      "/home/erik/wuff/wuff_backend/app/controllers/groups_controller.rb": [
        1,
        null,
        1,
        null,
        null,
        null,
        null,
        null,
        null,
        null,
        1,
        null,
        15,
        null,
        14,
        1,
        1,
        null,
        null,
        13,
        24,
        24,
        2,
        2,
        null,
        22,
        null,
        null,
        11,
        null,
        11,
        1,
        null,
        10,
        null,
        null,
        null,
        null,
        null,
        null,
        null,
        null,
        null,
        1,
        5,
        5,
        4,
        null,
        3,
        5,
        5,
        1,
        1,
        null,
        4,
        null,
        null,
        2,
        6,
        null,
        2,
        2,
        null,
        2,
        null,
        null,
        null,
        null,
        null,
        1,
        5,
        4,
        3,
        2,
        null,
        null,
        null,
        null,
        null,
        null,
        1,
        2,
        2,
        2,
        null,
        1,
        1,
        1,
        null,
        null,
        null,
        null,
        null,
        1,
        5,
        5,
        5,
        null,
        4,
        4,
        4,
        4,
        4,
        null,
        null,
        null,
        null,
        null,
        1,
        4,
        4,
        4,
        null,
        3,
        3,
        null,
        0,
        0,
        null,
        null,
        3,
        3,
        3,
        null,
        null,
        1,
        null,
        null,
        null,
        1,
        36,
        2,
        2,
        null,
        34,
        null,
        null,
        null,
        null,
        null,
        1,
        20,
        20,
        null,
        2,
        2,
        null,
        18,
        null,
        null,
        null,
        null,
        null,
        1,
        18,
        5,
        5,
        null,
        13,
        null,
        null,
        null,
        null,
        1,
        36,
        36,
        null,
        null,
        null,
        1,
        36,
        null,
        null,
        null,
        null,
        1,
        54,
        54,
        null,
        null,
        null
      ],
      "/home/erik/wuff/wuff_backend/spec/controllers/users_controller_spec.rb": [
        1,
        1,
        null,
        1,
        null,
        1,
        1,
        3,
        null,
        null,
        1,
        1,
        1,
        1,
        1,
        null,
        null,
        null,
        1,
        1,
        1,
        1,
        1,
        null,
        null,
        1,
        1,
        1,
        1,
        1,
        null,
        null,
        null,
        null,
        1,
        1,
        3,
        3,
        null,
        null,
        1,
        1,
        1,
        1,
        1,
        1,
        1,
        null,
        null,
        null,
        1,
        1,
        1,
        1,
        null,
        null,
        null,
        1,
        1,
        1,
        1,
        1,
        1,
        1,
        1,
        null,
        null,
        null,
        null,
        1,
        1,
        3,
        3,
        3,
        3,
        3,
        null,
        3,
        3,
        3,
        3,
        null,
        null,
        1,
        1,
        1,
        1,
        null,
        null,
        null,
        1,
        1,
        1,
        1,
        null,
        null,
        null,
        1,
        1,
        1,
        1,
        null,
        null,
        null,
        null,
        1,
        1,
        5,
        5,
        5,
        5,
        5,
        null,
        5,
        5,
        5,
        5,
        null,
        null,
        1,
        1,
        1,
        1,
        null,
        null,
        1,
        1,
        1,
        1,
        null,
        null,
        null,
        null,
        null,
        1,
        1,
        1,
        1,
        null,
        null,
        1,
        1,
        1,
        1,
        1,
        null,
        null,
        null,
        1,
        1,
        1,
        1,
        1,
        1,
        null,
        null,
        null,
        null,
        null,
        1,
        1,
        14,
        null,
        14,
        14,
        14,
        14,
        null,
        14,
        14,
        14,
        null,
        null,
        1,
        1,
        4,
        null,
        4,
        4,
        null,
        1,
        1,
        2,
        2,
        null,
        2,
        1,
        1,
        1,
        1,
        1,
        1,
        1,
        null,
        1,
        1,
        1,
        1,
        2,
        2,
        2,
        null,
        1,
        1,
        1,
        1,
        1,
        1,
        null,
        null,
        1,
        1,
        2,
        2,
        null,
        2,
        1,
        1,
        1,
        1,
        null,
        null,
        null,
        null,
        1,
        1,
        4,
        null,
        4,
        null,
        4,
        null,
        4,
        4,
        null,
        1,
        1,
        2,
        2,
        null,
        2,
        1,
        1,
        1,
        null,
        1,
        1,
        1,
        null,
        1,
        1,
        null,
        null,
        1,
        1,
        2,
        2,
        null,
        2,
        1,
        1,
        1,
        null,
        null,
        1,
        1,
        1,
        1,
        null,
        null,
        1,
        1,
        1,
        null,
        null,
        null,
        null,
        1,
        1,
        6,
        null,
        6,
        null,
        6,
        6,
        6,
        6,
        null,
        1,
        1,
        3,
        3,
        null,
        2,
        1,
        1,
        1,
        1,
        null,
        1,
        1,
        1,
        null,
        null,
        1,
        1,
        3,
        3,
        null,
        2,
        1,
        1,
        1,
        null,
        1,
        1,
        1,
        null,
        1,
        1,
        null,
        1,
        1,
        1,
        null,
        null,
        null,
        null,
        null,
        null
      ],
      "/home/erik/wuff/wuff_backend/app/controllers/users_controller.rb": [
        1,
        null,
        null,
        1,
        null,
        null,
        null,
        null,
        null,
        null,
        null,
        1,
        3,
        3,
        3,
        2,
        null,
        1,
        1,
        1,
        1,
        1,
        null,
        null,
        null,
        null,
        null,
        null,
        null,
        null,
        1,
        2,
        2,
        2,
        1,
        null,
        1,
        1,
        1,
        1,
        1,
        1,
        null,
        null,
        null,
        null,
        null,
        null,
        null,
        1,
        1,
        1,
        1,
        1,
        1,
        null,
        null,
        null,
        null,
        1,
        2,
        0,
        0,
        null,
        2,
        2,
        null,
        null,
        null,
        null,
        1,
        1,
        0,
        0,
        null,
        1,
        1,
        null,
        null,
        null,
        null,
        null,
        null,
        null,
        null,
        null,
        null,
        null,
        null,
        1,
        14,
        0,
        0,
        null,
        14,
        14,
        14,
        14,
        14,
        26,
        26,
        null,
        3,
        null,
        23,
        23,
        23,
        null,
        14,
        14,
        14,
        null,
        null,
        null,
        null,
        null,
        1,
        2,
        0,
        0,
        null,
        2,
        2,
        null,
        null,
        null,
        null,
        1,
        2,
        0,
        0,
        null,
        2,
        2,
        2,
        1,
        1,
        null,
        2,
        2,
        null,
        null,
        null,
        null,
        1,
        1,
        0,
        0,
        null,
        1,
        1,
        null,
        null,
        1,
        null,
        null,
        null,
        1,
        28,
        28,
        48,
        36,
        null,
        null,
        null,
        1,
        0,
        0,
        0,
        0,
        null,
        null,
        null,
        null,
        1,
        22,
        null,
        null,
        null,
        1,
        0,
        null,
        null,
        null,
        null,
        1,
        45,
        45,
        null,
        null,
        null
      ],
      "/home/erik/wuff/wuff_backend/spec/models/event_spec.rb": [
        1,
        null,
        1,
        null,
        1,
        null,
        1,
        29,
        null,
        29,
        29,
        null,
        29,
        null,
        null,
        1,
        1,
        12,
        null,
        12,
        12,
        null,
        2,
        null,
        1,
        2,
        2,
        null,
        null,
        1,
        2,
        2,
        2,
        null,
        2,
        1,
        2,
        2,
        2,
        2,
        2,
        null,
        null,
        null,
        1,
        1,
        2,
        null,
        2,
        null,
        1,
        2,
        null,
        2,
        null,
        null,
        null,
        1,
        2,
        null,
        2,
        null,
        null,
        1,
        7,
        6,
        null,
        1,
        2,
        2,
        null,
        1,
        2,
        2,
        null,
        1,
        2,
        2,
        null,
        1,
        1,
        1,
        1,
        null,
        2,
        null,
        1,
        2,
        2,
        null,
        1,
        2,
        2,
        null,
        null,
        null,
        1,
        1,
        2,
        null,
        2,
        null,
        1,
        2,
        null,
        2,
        null,
        1,
        2,
        null,
        2,
        null,
        1,
        2,
        null,
        2,
        null,
        null,
        null,
        1,
        1,
        2,
        null,
        2,
        null,
        1,
        2,
        null,
        2,
        null,
        1,
        2,
        null,
        2,
        null,
        1,
        2,
        null,
        2,
        null,
        null,
        null,
        null,
        1,
        null,
        1,
        1,
        3,
        null,
        3,
        3,
        null,
        3,
        3,
        null,
        3,
        3,
        3,
        null,
        null,
        1,
        1,
        1,
        1,
        null,
        null,
        null,
        1,
        1,
        1,
        1,
        1,
        1,
        null,
        null,
        null,
        1,
        1,
        1,
        1,
        null,
        null,
        null,
        null,
        1,
        1,
        2,
        null,
        2,
        null,
        null,
        null,
        1,
        1,
        null,
        1,
        1,
        1,
        1,
        1,
        1,
        1,
        1,
        1,
        1,
        1,
        1,
        1,
        1,
        1,
        1,
        1,
        1,
        1,
        null,
        null,
        null,
        1,
        1,
        null,
        1,
        1,
        1,
        1,
        1,
        1,
        1,
        1,
        1,
        1,
        1,
        1,
        1,
        1,
        1,
        1,
        1,
        1,
        1,
        null,
        null,
        null
      ],
      "/home/erik/wuff/wuff_backend/app/models/event.rb": [
        1,
        1,
        null,
        1,
        null,
        1,
        null,
        1,
        1,
        1,
        1,
        1,
        null,
        null,
        null,
        null,
        1,
        89,
        86,
        null,
        null,
        null,
        81,
        null,
        79,
        null,
        78,
        145,
        143,
        null,
        null,
        76,
        null,
        null,
        null,
        null,
        null,
        null,
        null,
        null,
        null,
        1,
        null,
        87,
        86,
        null,
        83,
        147,
        null,
        null,
        83,
        83,
        null,
        83,
        null,
        null,
        null,
        83,
        null,
        83,
        83,
        75,
        75,
        null,
        75,
        null,
        75,
        null,
        75,
        null,
        null,
        75,
        null,
        null,
        null,
        null,
        null,
        null,
        1,
        6,
        3,
        3,
        1,
        1,
        null,
        4,
        4,
        4,
        2,
        2,
        null,
        2,
        1,
        1,
        null,
        2,
        2,
        2,
        null,
        2,
        null,
        null,
        null,
        1,
        21,
        null,
        null,
        null,
        null,
        null,
        1,
        85,
        85,
        150,
        null,
        85,
        85,
        null,
        null,
        null,
        1,
        77,
        142,
        142,
        null,
        null,
        null,
        null,
        null,
        null,
        1,
        3,
        null,
        null,
        null,
        null,
        null,
        null,
        1,
        2,
        2,
        2,
        null,
        null,
        null,
        null,
        null,
        1,
        28,
        19,
        null,
        null,
        null,
        null,
        1,
        81,
        81,
        null,
        null,
        null,
        null,
        null,
        null,
        1,
        77,
        0,
        0,
        0,
        0,
        null,
        0,
        null,
        0,
        null,
        null,
        77,
        142,
        67,
        67,
        null,
        0,
        null,
        67,
        null,
        null,
        null,
        null,
        null,
        null,
        null,
        null,
        1,
        26,
        26,
        26,
        47,
        47,
        47,
        null,
        null,
        26,
        null,
        26,
        null,
        null,
        1,
        null,
        null,
        null,
        1,
        147,
        147,
        null,
        0,
        null,
        147,
        null,
        null,
        null
      ],
      "/home/erik/wuff/wuff_backend/spec/models/group_spec.rb": [
        1,
        null,
        1,
        null,
        1,
        11,
        null,
        11,
        11,
        null,
        11,
        null,
        null,
        1,
        1,
        3,
        null,
        3,
        3,
        null,
        2,
        null,
        1,
        2,
        2,
        null,
        null,
        null,
        1,
        1,
        3,
        3,
        3,
        null,
        2,
        null,
        1,
        2,
        2,
        null,
        null,
        null,
        1,
        1,
        2,
        2,
        null,
        1,
        2,
        null,
        2,
        null,
        null,
        null,
        1,
        1,
        2,
        2,
        null,
        1,
        2,
        2,
        null,
        1,
        2,
        2,
        null,
        null,
        null,
        null,
        1,
        null,
        1,
        1,
        2,
        null,
        2,
        null,
        null,
        null,
        1,
        1,
        1,
        1,
        1,
        1,
        1,
        1,
        1,
        1,
        1,
        1,
        1,
        1,
        1,
        null,
        null,
        1,
        1,
        null,
        1,
        1,
        1,
        1,
        1,
        1,
        1,
        1,
        1,
        1,
        1,
        1,
        1,
        null,
        null,
        null
      ],
      "/home/erik/wuff/wuff_backend/app/models/group.rb": [
        1,
        null,
        1,
        null,
        1,
        1,
        1,
        null,
        null,
        null,
        null,
        1,
        48,
        null,
        45,
        null,
        44,
        null,
        null,
        null,
        null,
        null,
        null,
        null,
        null,
        1,
        null,
        50,
        null,
        49,
        94,
        null,
        null,
        48,
        null,
        48,
        null,
        null,
        48,
        null,
        48,
        48,
        44,
        44,
        null,
        44,
        null,
        44,
        null,
        null,
        null,
        null,
        null,
        1,
        4,
        4,
        4,
        2,
        2,
        null,
        2,
        1,
        1,
        null,
        2,
        null,
        null,
        null,
        null,
        null,
        1,
        50,
        50,
        null,
        null,
        null,
        1,
        46,
        91,
        91,
        null,
        null,
        null,
        null,
        null,
        null,
        1,
        3,
        null,
        null,
        null,
        null,
        1,
        3,
        3,
        null,
        null,
        null,
        null,
        null,
        1,
        4,
        4,
        4,
        8,
        8,
        8,
        null,
        null,
        4,
        null,
        4,
        null,
        null,
        1,
        null,
        null,
        null,
        1,
        94,
        94,
        null,
        1,
        null,
        93,
        null,
        null,
        null
      ],
      "/home/erik/wuff/wuff_backend/spec/models/user_spec.rb": [
        null,
        1,
        null,
        1,
        null,
        1,
        1,
        1,
        1,
        1,
        null,
        null,
        null,
        1,
        1,
        1,
        1,
        null,
        null,
        null,
        1,
        1,
        1,
        1,
        null,
        null,
        null,
        1,
        1,
        1,
        1,
        null,
        null,
        null,
        1,
        1,
        1,
        1,
        null,
        null,
        null,
        1,
        1,
        1,
        1,
        null,
        null,
        null,
        1,
        1,
        1,
        1,
        null,
        null,
        null,
        null,
        1,
        1,
        1,
        1,
        1,
        null,
        null,
        null,
        1,
        1,
        1,
        1,
        null,
        null,
        null,
        1,
        1,
        1,
        1,
        null,
        null,
        null,
        1,
        1,
        1,
        1,
        null,
        null,
        null,
        1,
        1,
        1,
        1,
        null,
        null,
        null,
        1,
        1,
        1,
        1,
        null,
        null,
        null,
        1,
        1,
        1,
        1,
        1,
        1,
        null,
        null,
        null,
        null,
        1,
        1,
        1,
        1,
        1,
        null,
        null,
        null,
        1,
        1,
        1,
        1,
        null,
        null,
        null,
        1,
        1,
        1,
        1,
        null,
        null,
        null,
        null,
        1,
        1,
        1,
        1,
        1,
        1,
        null,
        null,
        null,
        null,
        null,
        1,
        1,
        3,
        3,
        null,
        null,
        1,
        1,
        1,
        1,
        null,
        null,
        null,
        1,
        1,
        1,
        1,
        null,
        null,
        null,
        1,
        1,
        1,
        1,
        null,
        null,
        null,
        null,
        1,
        1,
        4,
        4,
        4,
        4,
        4,
        4,
        4,
        4,
        null,
        null,
        1,
        1,
        1,
        1,
        null,
        null,
        null,
        1,
        1,
        1,
        1,
        null,
        null,
        null,
        1,
        1,
        1,
        null,
        null,
        null,
        1,
        1,
        1,
        1,
        null,
        null,
        null,
        null,
        null,
        1,
        1,
        2,
        null,
        2,
        2,
        null,
        2,
        2,
        null,
        2,
        null,
        null,
        1,
        1,
        2,
        null,
        null,
        2,
        2,
        2,
        2,
        2,
        null,
        1,
        1,
        1,
        1,
        1,
        1,
        1,
        null,
        1,
        1,
        null,
        1,
        0,
        null,
        1,
        null,
        1,
        1,
        1,
        1,
        1,
        1,
        1,
        1,
        1,
        0,
        null,
        1,
        0,
        null,
        1,
        0,
        null,
        1,
        null,
        null,
        null,
        null,
        1,
        1,
        2,
        null,
        2,
        2,
        null,
        2,
        2,
        null,
        2,
        null,
        null,
        1,
        1,
        2,
        2,
        2,
        null,
        1,
        1,
        1,
        1,
        null,
        1,
        1,
        1,
        1,
        1,
        1,
        1,
        null,
        null,
        null
      ]
    },
    "timestamp": 1395907533
  }
}
